Testing test test suite:
  should pass: passed
  should fail:
    truth is expected to be true but isn't

    falsehood is expected to be false but isn't

    unity is expected to equal 1 but is 3

    unity and trinity are expected to equal:
      1, 3
    but are:
      1, 2

    unity and trinity are expected to equal:
      1, 3
    but are:
      1, 2, 3

    add isn't callable with the expected argument types:
      Int32, Vector[Char]

    add shouldn't be callable with the expected argument types:
      Vector[Char], Vector[Char]

    primes iterator is expected to contain:
      1
      3
      5
      7
      11
    but contains:
      2
      3
      5
      7
      11

    primes iterator is expected to contain:
      2
      3
      5
      7
      9
    but contains:
      2
      3
      5
      7
      11

    primes iterator is expected to contain:
      2
      3
      5
      7
    but contains:
      2
      3
      5
      7
      11

    primes iterator is expected to contain:
      2
      3
      5
      7
      11
      13
    but contains:
      2
      3
      5
      7
      11

    throws int is expected to throw exception of type Int32 but throws 7

    throws int is expected to throw exception of type Int32 but doesn't throw

    throws 6 is expected to throw 6 but throws 7

    throws 6 is expected to throw 6 but doesn't throw
    -- FAILED
  should fail by throwing uncaught exception:
    truth is expected to be true but isn't

    uncaught exception:
      7
    -- FAILED
  (pending) should pass:
    -- FIXED (should clear pending flag)
  (pending) should fail:
    truth is expected to be true but isn't
  required:
    truth is expected to be true but isn't

    required expectation did not pass
    -- FAILED
-- test test suite: 11 expectations passed; 20 failed (1 pending)
Overall: 11 expectations passed; 20 failed (1 pending)
TESTS FAILED
